<?xml version="1.0" encoding="UTF-8"?>
<testsuite xmlns:xsi="http://www.w3.org/2001/XMLSchema-instance" xsi:noNamespaceSchemaLocation="https://maven.apache.org/surefire/maven-surefire-plugin/xsd/surefire-test-report.xsd" name="com.ascending.training.jdbc.TestAll" time="0.433" tests="4" errors="0" skipped="0" failures="0">
  <properties>
[...]
</properties>
  <testcase name="getAreasTest" classname="com.ascending.training.jdbc.AreaDaoTest" time="0.289"/>
  <testcase name="getResturantTest" classname="com.ascending.training.jdbc.ResturantDaoTest" time="0.043"/>
  <testcase name="getCustomersTest" classname="com.ascending.training.jdbc.CustomerDaoTest" time="0.018"/>
  <testcase name="getMerchantTest" classname="com.ascending.training.jdbc.MerchantDaoTest" time="0.022"/>
</testsuite>